Using pre-set license
Built from '2020.3/staging' branch; Version is '2020.3.4f1 (0abb6314276a) revision 703331'; Using compiler version '192528614'; Build Type 'Release'
OS: 'Windows 10 Pro; OS build 19042.928; Version 2009; 64bit' Language: 'en' Physical Memory: 16314 MB
BatchMode: 1, IsHumanControllingUs: 0, StartBugReporterOnCrash: 0, Is64bit: 1, IsPro: 0

 COMMAND LINE ARGUMENTS:
D:\SOFTWARE\Unity Editor\2020.3.4f1\Editor\Unity.exe
-adb2
-batchMode
-noUpm
-name
AssetImportWorker0
-projectPath
D:/TUGAS/Kuliah/Semester 4/5. Pemrograman IV/Pacman/Pacman
-logFile
Logs/AssetImportWorker0.log
-srvPort
63501
Successfully changed project path to: D:/TUGAS/Kuliah/Semester 4/5. Pemrograman IV/Pacman/Pacman
D:/TUGAS/Kuliah/Semester 4/5. Pemrograman IV/Pacman/Pacman
Using Asset Import Pipeline V2.
Refreshing native plugins compatible for Editor in 46.88 ms, found 1 plugins.
Preloading 0 native plugins for Editor in 0.00 ms.
Initialize engine version: 2020.3.4f1 (0abb6314276a)
[Subsystems] Discovering subsystems at path D:/SOFTWARE/Unity Editor/2020.3.4f1/Editor/Data/Resources/UnitySubsystems
[Subsystems] Discovering subsystems at path D:/TUGAS/Kuliah/Semester 4/5. Pemrograman IV/Pacman/Pacman/Assets
GfxDevice: creating device client; threaded=0
Direct3D:
    Version:  Direct3D 11.0 [level 11.1]
    Renderer: NVIDIA GeForce GTX 1050 Ti (ID=0x1c82)
    Vendor:   
    VRAM:     4018 MB
    Driver:   27.21.14.6611
Initialize mono
Mono path[0] = 'D:/SOFTWARE/Unity Editor/2020.3.4f1/Editor/Data/Managed'
Mono path[1] = 'D:/SOFTWARE/Unity Editor/2020.3.4f1/Editor/Data/MonoBleedingEdge/lib/mono/unityjit'
Mono config path = 'D:/SOFTWARE/Unity Editor/2020.3.4f1/Editor/Data/MonoBleedingEdge/etc'
Using monoOptions --debugger-agent=transport=dt_socket,embedding=1,server=y,suspend=n,address=127.0.0.1:56540
Begin MonoManager ReloadAssembly
Registering precompiled unity dll's ...
Register platform support module: D:/SOFTWARE/Unity Editor/2020.3.4f1/Editor/Data/PlaybackEngines/WebGLSupport/UnityEditor.WebGL.Extensions.dll
Register platform support module: D:/SOFTWARE/Unity Editor/2020.3.4f1/Editor/Data/PlaybackEngines/WindowsStandaloneSupport/UnityEditor.WindowsStandalone.Extensions.dll
Registered in 0.001026 seconds.
Native extension for WindowsStandalone target not found
Native extension for WebGL target not found
Refreshing native plugins compatible for Editor in 49.32 ms, found 1 plugins.
Preloading 0 native plugins for Editor in 0.00 ms.
Mono: successfully reloaded assembly
- Completed reload, in  1.550 seconds
Platform modules already initialized, skipping
Registering precompiled user dll's ...
Registered in 0.000675 seconds.
Begin MonoManager ReloadAssembly
Native extension for WindowsStandalone target not found
Native extension for WebGL target not found
Refreshing native plugins compatible for Editor in 40.37 ms, found 1 plugins.
Preloading 0 native plugins for Editor in 0.00 ms.
Mono: successfully reloaded assembly
- Completed reload, in  1.158 seconds
Platform modules already initialized, skipping
========================================================================
Worker process is ready to serve import requests
Launched and connected shader compiler UnityShaderCompiler.exe after 0.04 seconds
Refreshing native plugins compatible for Editor in 0.66 ms, found 1 plugins.
Preloading 0 native plugins for Editor in 0.00 ms.
Unloading 2209 Unused Serialized files (Serialized files now loaded: 0)
System memory in use before: 102.1 MB.
System memory in use after: 102.2 MB.

Unloading 98 unused Assets to reduce memory usage. Loaded Objects now: 2645.
Total: 3.324800 ms (FindLiveObjects: 0.358600 ms CreateObjectMapping: 0.218600 ms MarkObjects: 2.483200 ms  DeleteObjects: 0.262800 ms)

========================================================================
Received Import Request.
  path: Assets/Sprites/White-Square.jpg
  artifactKey: Guid(4246abd69cb091b488dd8ad57716e2fb) Importer(815301076,1909f56bfc062723c751e8b465ee728b)
Start importing Assets/Sprites/White-Square.jpg using Guid(4246abd69cb091b488dd8ad57716e2fb) Importer(815301076,1909f56bfc062723c751e8b465ee728b)  -> (artifact id: 'be4cc395e6fc762bd286b069e7001021') in 0.125437 seconds
  Import took 0.128617 seconds .

AssetImportWorkerClient::OnTransportError - code=2 error=End of file
